2020-04-26 11:12:23,684 Program zosta³ uruchomiony z nastêpuj¹cymi parametrami: ['1', '2', '3']
2020-04-26 11:12:51,868 Program zosta³ uruchomiony z nastêpuj¹cymi parametrami: ['1', '2', '3']
2020-04-26 11:13:08,848 Program zosta³ uruchomiony z nastêpuj¹cymi parametrami: ['1', '2', '3']
2020-04-26 11:19:22,353 Program zosta³ uruchomiony z nastêpuj¹cymi parametrami: ['1', '2', '3']
2020-04-26 11:22:05,287 Program zosta³ uruchomiony z nastêpuj¹cymi parametrami: ['1', '2', '3']
2020-04-26 11:22:05,287 1 liczby 2 oraz 3
2020-04-26 11:22:52,180 Program zosta³ uruchomiony z nastêpuj¹cymi parametrami: ['1', '2', '3']
2020-04-26 11:22:52,181 1 liczby 2 oraz 3
2020-04-26 11:24:16,721 Program zosta³ uruchomiony z nastêpuj¹cymi parametrami: ['1', '2', '3']
2020-04-26 11:25:43,263 Program zosta³ uruchomiony z nastêpuj¹cymi parametrami: ['1', '2', '3']
2020-04-26 11:25:43,264 Dodaje liczby 2 oraz 3
2020-04-26 11:27:28,809 Program zosta³ uruchomiony z nastêpuj¹cymi parametrami: ['1', '2', '3']
2020-04-26 11:27:28,809 Dodaje liczby 2 oraz 3
2020-04-26 11:27:44,231 Program zosta³ uruchomiony z nastêpuj¹cymi parametrami: ['1', '2', '3']
2020-04-26 11:27:44,232 Dodaje liczby 2 oraz 3
2020-04-26 11:28:17,771 Program zosta³ uruchomiony z nastêpuj¹cymi parametrami: ['4', '2', '0']
2020-04-26 11:28:17,772 Chcia³em dzielic ale u¿ytkownik poda³ 0 liczby 2 oraz 0
2020-04-26 11:41:40,991 Program zosta³ uruchomiony z nastêpuj¹cymi parametrami: ['1', '2', '3']
2020-04-26 11:41:41,000 Dodaje liczby 2 oraz 3
2020-04-26 11:44:23,192 Program zosta³ uruchomiony z nastêpuj¹cymi parametrami: ['1', '2', '3']
2020-04-26 11:44:23,193 Dodaje liczby 2 oraz 3
2020-04-26 11:45:13,997 Program zosta³ uruchomiony z nastêpuj¹cymi parametrami: ['1', '2', '3']
2020-04-26 11:45:13,998 Dodaje liczby 2 oraz 3
2020-04-26 11:45:25,879 Program zosta³ uruchomiony z nastêpuj¹cymi parametrami: []
2020-04-26 11:45:59,648 Program zosta³ uruchomiony z nastêpuj¹cymi parametrami: []
2020-04-26 11:45:59,649 Dziele liczby 8 oraz 2
2020-04-26 11:46:28,334 Program zosta³ uruchomiony z nastêpuj¹cymi parametrami: ['4', '20', '5']
2020-04-26 11:46:28,334 Dziele liczby 20 oraz 5
2020-04-26 11:46:49,577 Program zosta³ uruchomiony z nastêpuj¹cymi parametrami: []
2020-04-26 11:46:49,578 Dziele liczby 20 oraz 5
2020-04-26 11:47:17,879 Program zosta³ uruchomiony z nastêpuj¹cymi parametrami: ['3', '8']
2020-04-26 11:47:17,881 Dziele liczby 3 oraz 2
2020-04-26 11:47:25,965 Program zosta³ uruchomiony z nastêpuj¹cymi parametrami: ['3', '8', '5', '12']
2020-04-26 11:47:25,966 Mno¿e liczby 8 oraz 5
